<?xml version="1.0" encoding="UTF-8"?>
<testng-results ignored="0" total="2" passed="1" failed="1" skipped="0">
  <reporter-output>
  </reporter-output>
  <suite started-at="2024-02-02T07:08:03 GMT" name="Default suite" finished-at="2024-02-02T07:08:08 GMT" duration-ms="4670">
    <groups>
    </groups>
    <test started-at="2024-02-02T07:08:03 GMT" name="Default test" finished-at="2024-02-02T07:08:08 GMT" duration-ms="4670">
      <class name="TestNgExample.RegistrationTesr">
        <test-method is-config="true" signature="OpenBrowser()[pri:0, instance:TestNgExample.RegistrationTesr@3012646b]" started-at="2024-02-02T07:08:03 GMT" name="OpenBrowser" finished-at="2024-02-02T07:08:06 GMT" duration-ms="2316" status="PASS">
          <reporter-output>
          </reporter-output>
        </test-method> <!-- OpenBrowser -->
        <test-method signature="Validatepage()[pri:0, instance:TestNgExample.RegistrationTesr@3012646b]" started-at="2024-02-02T07:08:06 GMT" name="Validatepage" finished-at="2024-02-02T07:08:07 GMT" duration-ms="1775" status="PASS">
          <reporter-output>
          </reporter-output>
        </test-method> <!-- Validatepage -->
        <test-method signature="validatename()[pri:0, instance:TestNgExample.RegistrationTesr@3012646b]" started-at="2024-02-02T07:08:07 GMT" name="validatename" finished-at="2024-02-02T07:08:08 GMT" duration-ms="314" status="FAIL">
          <exception class="java.lang.AssertionError">
            <message>
              <![CDATA[Error in comparing value
expected [Rahulq] but found [Rahul]]]>
            </message>
            <full-stacktrace>
              <![CDATA[java.lang.AssertionError: Error in comparing value
expected [Rahulq] but found [Rahul]
at org.testng.asserts.SoftAssert.assertAll(SoftAssert.java:46)
at TestNgExample.RegistrationTesr.validatename(RegistrationTesr.java:34)
at java.base/jdk.internal.reflect.NativeMethodAccessorImpl.invoke0(Native Method)
at java.base/jdk.internal.reflect.NativeMethodAccessorImpl.invoke(NativeMethodAccessorImpl.java:78)
at java.base/jdk.internal.reflect.DelegatingMethodAccessorImpl.invoke(DelegatingMethodAccessorImpl.java:43)
at java.base/java.lang.reflect.Method.invoke(Method.java:567)
at org.testng.internal.invokers.MethodInvocationHelper.invokeMethod(MethodInvocationHelper.java:139)
at org.testng.internal.invokers.TestInvoker.invokeMethod(TestInvoker.java:664)
at org.testng.internal.invokers.TestInvoker.invokeTestMethod(TestInvoker.java:228)
at org.testng.internal.invokers.MethodRunner.runInSequence(MethodRunner.java:63)
at org.testng.internal.invokers.TestInvoker$MethodInvocationAgent.invoke(TestInvoker.java:961)
at org.testng.internal.invokers.TestInvoker.invokeTestMethods(TestInvoker.java:201)
at org.testng.internal.invokers.TestMethodWorker.invokeTestMethods(TestMethodWorker.java:148)
at org.testng.internal.invokers.TestMethodWorker.run(TestMethodWorker.java:128)
at java.base/java.util.ArrayList.forEach(ArrayList.java:1511)
at org.testng.TestRunner.privateRun(TestRunner.java:819)
at org.testng.TestRunner.run(TestRunner.java:619)
at org.testng.SuiteRunner.runTest(SuiteRunner.java:443)
at org.testng.SuiteRunner.runSequentially(SuiteRunner.java:437)
at org.testng.SuiteRunner.privateRun(SuiteRunner.java:397)
at org.testng.SuiteRunner.run(SuiteRunner.java:336)
at org.testng.SuiteRunnerWorker.runSuite(SuiteRunnerWorker.java:52)
at org.testng.SuiteRunnerWorker.run(SuiteRunnerWorker.java:95)
at org.testng.TestNG.runSuitesSequentially(TestNG.java:1301)
at org.testng.TestNG.runSuitesLocally(TestNG.java:1228)
at org.testng.TestNG.runSuites(TestNG.java:1134)
at org.testng.TestNG.run(TestNG.java:1101)
at org.testng.remote.AbstractRemoteTestNG.run(AbstractRemoteTestNG.java:115)
at org.testng.remote.RemoteTestNG.initAndRun(RemoteTestNG.java:251)
at org.testng.remote.RemoteTestNG.main(RemoteTestNG.java:77)
]]>
            </full-stacktrace>
          </exception> <!-- java.lang.AssertionError -->
          <reporter-output>
          </reporter-output>
        </test-method> <!-- validatename -->
        <test-method is-config="true" signature="BrowserClose()[pri:0, instance:TestNgExample.RegistrationTesr@3012646b]" started-at="2024-02-02T07:08:08 GMT" name="BrowserClose" finished-at="2024-02-02T07:08:08 GMT" duration-ms="214" status="PASS">
          <reporter-output>
          </reporter-output>
        </test-method> <!-- BrowserClose -->
      </class> <!-- TestNgExample.RegistrationTesr -->
    </test> <!-- Default test -->
  </suite> <!-- Default suite -->
</testng-results>
